-------------------------------------------------------------------------------
Test set: runners.TestRunner
-------------------------------------------------------------------------------
Tests run: 1, Failures: 1, Errors: 0, Skipped: 0, Time elapsed: 7.042 sec <<< FAILURE!
runScenario(runners.TestRunner)  Time elapsed: 6.324 sec  <<< FAILURE!
java.lang.AssertionError
	at org.junit.Assert.fail(Assert.java:86)
	at org.junit.Assert.assertTrue(Assert.java:41)
	at org.junit.Assert.assertTrue(Assert.java:52)
	at stepDefs.boLoginSteps.ilAccèdeAuBackOfficeMomiEtVisualiseLaListeDesMembresMomi(boLoginSteps.java:45)
	at ✽.il accède au back office Momi et visualise la liste des membres Momi(file:///home/mejdi/work/personal/test-automation-framework/src/test/resources/features/bo/loginPage/login_to_backoffice.feature:10)

