-------------------------------------------------------------------------------
Test set: TestSuite
-------------------------------------------------------------------------------
Tests run: 2, Failures: 1, Errors: 0, Skipped: 0, Time elapsed: 10.098 sec <<< FAILURE!
runScenario(runners.TestRunner)  Time elapsed: 3.134 sec  <<< FAILURE!
java.lang.AssertionError
	at org.junit.Assert.fail(Assert.java:86)
	at org.junit.Assert.assertTrue(Assert.java:41)
	at org.junit.Assert.assertTrue(Assert.java:52)
	at stepDefs.LogOutStepDefs.unAdministrateurCliqueSurLeMenuDeLUtilisateur(LogOutStepDefs.java:35)
	at âœ½.un administrateur clique sur le menu de l'utilisateur(file:///home/mejdi/work/personal/test-automation-framework/src/test/resources/features/bo/login/logout_from_backoffice.feature:14)

