<?xml version="1.0" encoding="UTF-8"?>
<testng-results ignored="0" total="2" passed="1" failed="1" skipped="0">
  <reporter-output>
  </reporter-output>
  <suite started-at="2020-11-11T17:59:35 CET" name="Command line suite" finished-at="2020-11-11T17:59:44 CET" duration-ms="9491">
    <groups>
      <group name="cucumber">
        <method signature="AbstractTestNGCucumberTests.runScenario(io.cucumber.testng.PickleWrapper, io.cucumber.testng.FeatureWrapper)[pri:0, instance:runners.TestRunner@7dcf94f8]" name="runScenario" class="io.cucumber.testng.AbstractTestNGCucumberTests"/>
      </group> <!-- cucumber -->
    </groups>
    <test started-at="2020-11-11T17:59:35 CET" name="Command line test" finished-at="2020-11-11T17:59:44 CET" duration-ms="9491">
      <class name="runners.TestRunner">
        <test-method is-config="true" signature="setUpClass()[pri:0, instance:runners.TestRunner@7dcf94f8]" started-at="2020-11-11T17:59:35 CET" name="setUpClass" finished-at="2020-11-11T17:59:35 CET" duration-ms="236" status="PASS">
          <reporter-output>
          </reporter-output>
        </test-method> <!-- setUpClass -->
        <test-method signature="runScenario(io.cucumber.testng.PickleWrapper, io.cucumber.testng.FeatureWrapper)[pri:0, instance:runners.TestRunner@7dcf94f8]" started-at="2020-11-11T17:59:35 CET" name="runScenario" description="Runs Cucumber Scenarios" data-provider="scenarios" finished-at="2020-11-11T17:59:41 CET" duration-ms="6005" status="PASS">
          <params>
            <param index="0">
              <value>
                <![CDATA[": Login with admin credentials"]]>
              </value>
            </param>
            <param index="1">
              <value>
                <![CDATA["Optional[: En tant qu'admnistrateur je voudrais me connecter au back office Momi]"]]>
              </value>
            </param>
          </params>
          <reporter-output>
          </reporter-output>
        </test-method> <!-- runScenario -->
        <test-method signature="runScenario(io.cucumber.testng.PickleWrapper, io.cucumber.testng.FeatureWrapper)[pri:0, instance:runners.TestRunner@7dcf94f8]" started-at="2020-11-11T17:59:41 CET" name="runScenario" description="Runs Cucumber Scenarios" data-provider="scenarios" finished-at="2020-11-11T17:59:44 CET" duration-ms="3132" status="FAIL">
          <params>
            <param index="0">
              <value>
                <![CDATA[": Logout when connected"]]>
              </value>
            </param>
            <param index="1">
              <value>
                <![CDATA["Optional[: En tant qu'admnistrateur je voudrais me déconnecter du back office Momi]"]]>
              </value>
            </param>
          </params>
          <exception class="java.lang.AssertionError">
            <full-stacktrace>
              <![CDATA[java.lang.AssertionError
at org.junit.Assert.fail(Assert.java:86)
at org.junit.Assert.assertTrue(Assert.java:41)
at org.junit.Assert.assertTrue(Assert.java:52)
at stepDefs.LogOutStepDefs.unAdministrateurCliqueSurLeMenuDeLUtilisateur(LogOutStepDefs.java:35)
at ✽.un administrateur clique sur le menu de l'utilisateur(file:///home/mejdi/work/personal/test-automation-framework/src/test/resources/features/bo/login/logout_from_backoffice.feature:14)
]]>
            </full-stacktrace>
          </exception> <!-- java.lang.AssertionError -->
          <reporter-output>
          </reporter-output>
        </test-method> <!-- runScenario -->
        <test-method is-config="true" signature="tearDownClass()[pri:0, instance:runners.TestRunner@7dcf94f8]" started-at="2020-11-11T17:59:44 CET" name="tearDownClass" finished-at="2020-11-11T17:59:44 CET" duration-ms="3" status="PASS">
          <reporter-output>
          </reporter-output>
        </test-method> <!-- tearDownClass -->
      </class> <!-- runners.TestRunner -->
    </test> <!-- Command line test -->
  </suite> <!-- Command line suite -->
</testng-results>
