<?xml version="1.0" encoding="UTF-8" ?>
<testsuite tests="1" failures="1" name="runners.TestRunner" time="6.324" errors="0" skipped="0">
  <properties>
[...]
</properties>
  <testcase classname="runners.TestRunner" name="runScenario" time="6.324">
    <failure type="java.lang.AssertionError">java.lang.AssertionError
	at org.junit.Assert.fail(Assert.java:86)
	at org.junit.Assert.assertTrue(Assert.java:41)
	at org.junit.Assert.assertTrue(Assert.java:52)
	at stepDefs.boLoginSteps.ilAccèdeAuBackOfficeMomiEtVisualiseLaListeDesMembresMomi(boLoginSteps.java:45)
	at ✽.il accède au back office Momi et visualise la liste des membres Momi(file:///home/mejdi/work/personal/test-automation-framework/src/test/resources/features/bo/loginPage/login_to_backoffice.feature:10)
</failure>
    <system-out>Configuring TestNG with: org.apache.maven.surefire.testng.conf.TestNG652Configurator@47f37ef1
</system-out>
    <system-err>Starting ChromeDriver 86.0.4240.22 (398b0743353ff36fb1b82468f63a3a93b4e2e89e-refs/branch-heads/4240@{#378}) on port 31520
Only local connections are allowed.
Please see https://chromedriver.chromium.org/security-considerations for suggestions on keeping ChromeDriver safe.
ChromeDriver was started successfully.
oct. 27, 2020 4:32:22 PM org.openqa.selenium.remote.ProtocolHandshake createSession
INFOS: Detected dialect: W3C
</system-err>
  </testcase>
</testsuite>