<?xml version="1.0" encoding="UTF-8"?>
<testng-results ignored="0" total="1" passed="0" failed="1" skipped="0">
  <reporter-output>
  </reporter-output>
  <suite started-at="2020-10-27T16:32:20 CET" name="runners.TestRunner" finished-at="2020-10-27T16:32:26 CET" duration-ms="6645">
    <groups>
      <group name="cucumber">
        <method signature="AbstractTestNGCucumberTests.runScenario(io.cucumber.testng.PickleWrapper, io.cucumber.testng.FeatureWrapper)[pri:0, instance:runners.TestRunner@727803de]" name="runScenario" class="io.cucumber.testng.AbstractTestNGCucumberTests"/>
      </group> <!-- cucumber -->
    </groups>
    <test started-at="2020-10-27T16:32:20 CET" name="Command line test" finished-at="2020-10-27T16:32:26 CET" duration-ms="6645">
      <class name="runners.TestRunner">
        <test-method is-config="true" signature="setUpClass()[pri:0, instance:runners.TestRunner@727803de]" started-at="2020-10-27T16:32:20 CET" name="setUpClass" finished-at="2020-10-27T16:32:20 CET" duration-ms="289" status="PASS">
          <reporter-output>
          </reporter-output>
        </test-method> <!-- setUpClass -->
        <test-method signature="runScenario(io.cucumber.testng.PickleWrapper, io.cucumber.testng.FeatureWrapper)[pri:0, instance:runners.TestRunner@727803de]" started-at="2020-10-27T16:32:20 CET" name="runScenario" description="Runs Cucumber Scenarios" data-provider="scenarios" finished-at="2020-10-27T16:32:26 CET" duration-ms="6316" status="FAIL">
          <params>
            <param index="0">
              <value>
                <![CDATA[": Login with admin credentials"]]>
              </value>
            </param>
            <param index="1">
              <value>
                <![CDATA["Optional[: En tant qu'admnistrateur je voudrait me connecter au back office Momi]"]]>
              </value>
            </param>
          </params>
          <exception class="java.lang.AssertionError">
            <full-stacktrace>
              <![CDATA[java.lang.AssertionError
at org.junit.Assert.fail(Assert.java:86)
at org.junit.Assert.assertTrue(Assert.java:41)
at org.junit.Assert.assertTrue(Assert.java:52)
at stepDefs.boLoginSteps.ilAccèdeAuBackOfficeMomiEtVisualiseLaListeDesMembresMomi(boLoginSteps.java:45)
at ✽.il accède au back office Momi et visualise la liste des membres Momi(file:///home/mejdi/work/personal/test-automation-framework/src/test/resources/features/bo/loginPage/login_to_backoffice.feature:10)
]]>
            </full-stacktrace>
          </exception> <!-- java.lang.AssertionError -->
          <reporter-output>
          </reporter-output>
        </test-method> <!-- runScenario -->
        <test-method is-config="true" signature="tearDownClass()[pri:0, instance:runners.TestRunner@727803de]" started-at="2020-10-27T16:32:26 CET" name="tearDownClass" finished-at="2020-10-27T16:32:26 CET" duration-ms="4" status="PASS">
          <reporter-output>
          </reporter-output>
        </test-method> <!-- tearDownClass -->
      </class> <!-- runners.TestRunner -->
    </test> <!-- Command line test -->
  </suite> <!-- runners.TestRunner -->
</testng-results>
