<?xml version="1.0" encoding="UTF-8" ?>
<testsuite tests="2" failures="1" name="TestSuite" time="9.141" errors="0" skipped="0">
  <properties>
[...]
</properties>
  <testcase classname="runners.TestRunner" name="runScenario" time="6.007"/>
  <testcase classname="runners.TestRunner" name="runScenario" time="3.134">
    <failure type="java.lang.AssertionError">java.lang.AssertionError
	at org.junit.Assert.fail(Assert.java:86)
	at org.junit.Assert.assertTrue(Assert.java:41)
	at org.junit.Assert.assertTrue(Assert.java:52)
	at stepDefs.LogOutStepDefs.unAdministrateurCliqueSurLeMenuDeLUtilisateur(LogOutStepDefs.java:35)
	at ✽.un administrateur clique sur le menu de l&apos;utilisateur(file:///home/mejdi/work/personal/test-automation-framework/src/test/resources/features/bo/login/logout_from_backoffice.feature:14)
</failure>
  </testcase>
</testsuite>