<?xml version="1.0" encoding="UTF-8"?>
<!-- Generated by org.testng.reporters.JUnitReportReporter -->
<testsuite hostname="debian" failures="1" tests="2" name="runners.TestRunner" time="9.137" errors="0" timestamp="2020-11-11T17:59:44 CET" skipped="0">
  <testcase classname="runners.TestRunner" name="runScenario" time="6.005"/>
  <system-out/>
  <testcase classname="runners.TestRunner" name="runScenario" time="3.132">
    <failure type="java.lang.AssertionError">
      <![CDATA[java.lang.AssertionError
at org.junit.Assert.fail(Assert.java:86)
at org.junit.Assert.assertTrue(Assert.java:41)
at org.junit.Assert.assertTrue(Assert.java:52)
at stepDefs.LogOutStepDefs.unAdministrateurCliqueSurLeMenuDeLUtilisateur(LogOutStepDefs.java:35)
at ✽.un administrateur clique sur le menu de l'utilisateur(file:///home/mejdi/work/personal/test-automation-framework/src/test/resources/features/bo/login/logout_from_backoffice.feature:14)
]]>
    </failure>
  </testcase> <!-- runScenario -->
  <system-out/>
</testsuite> <!-- runners.TestRunner -->
